<?xml version="1.0" encoding="UTF-8"?>
<testng-results total="1" passed="1" failed="0" skipped="0">
  <reporter-output>
  </reporter-output>
  <suite started-at="2021-09-21T13:30:57Z" name="Default suite" finished-at="2021-09-21T13:30:57Z" duration-ms="45">
    <groups>
    </groups>
    <test started-at="2021-09-21T13:30:57Z" name="Default test" finished-at="2021-09-21T13:30:57Z" duration-ms="45">
      <class name="RestApi_2.JenkinsDemo.AppTest">
        <test-method signature="FirstApi()[pri:0, instance:RestApi_2.JenkinsDemo.AppTest@732d0d24]" started-at="2021-09-21T19:00:57Z" name="FirstApi" finished-at="2021-09-21T19:00:57Z" duration-ms="16" status="PASS">
          <reporter-output>
          </reporter-output>
        </test-method> <!-- FirstApi -->
      </class> <!-- RestApi_2.JenkinsDemo.AppTest -->
    </test> <!-- Default test -->
  </suite> <!-- Default suite -->
</testng-results>
