<?xml version="1.0" encoding="UTF-8"?>
<testng-results ignored="0" total="1" passed="1" failed="0" skipped="0">
  <reporter-output>
  </reporter-output>
  <suite started-at="2021-09-14T15:04:41 IST" name="Default suite" finished-at="2021-09-14T15:04:44 IST" duration-ms="3292">
    <groups>
    </groups>
    <test started-at="2021-09-14T15:04:41 IST" name="Default test" finished-at="2021-09-14T15:04:44 IST" duration-ms="3292">
      <class name="authToken.AuthTokenTest">
        <test-method signature="authTest()[pri:0, instance:authToken.AuthTokenTest@67080771]" started-at="2021-09-14T15:04:41 IST" name="authTest" finished-at="2021-09-14T15:04:44 IST" duration-ms="3248" status="PASS">
          <reporter-output>
          </reporter-output>
        </test-method> <!-- authTest -->
      </class> <!-- authToken.AuthTokenTest -->
    </test> <!-- Default test -->
  </suite> <!-- Default suite -->
</testng-results>
